Using pre-set license
Built from '2020.3/staging' branch; Version is '2020.3.8f1 (507919d4fff5) revision 5273881'; Using compiler version '192528614'; Build Type 'Release'
OS: 'Windows 10 Home; OS build 19041.985; Version 2004; 64bit' Language: 'sv' Physical Memory: 16319 MB
BatchMode: 1, IsHumanControllingUs: 0, StartBugReporterOnCrash: 0, Is64bit: 1, IsPro: 0

 COMMAND LINE ARGUMENTS:
C:\Program Files\Unity\Hub\Editor\2020.3.8f1\Editor\Unity.exe
-adb2
-batchMode
-noUpm
-name
AssetImportWorker0
-projectPath
C:/Users/Diego/Documents/GitHub/BearWalking
-logFile
Logs/AssetImportWorker0.log
-srvPort
52331
Successfully changed project path to: C:/Users/Diego/Documents/GitHub/BearWalking
C:/Users/Diego/Documents/GitHub/BearWalking
Using Asset Import Pipeline V2.
Refreshing native plugins compatible for Editor in 21.61 ms, found 0 plugins.
Preloading 0 native plugins for Editor in 0.00 ms.
Initialize engine version: 2020.3.8f1 (507919d4fff5)
[Subsystems] Discovering subsystems at path C:/Program Files/Unity/Hub/Editor/2020.3.8f1/Editor/Data/Resources/UnitySubsystems
[Subsystems] Discovering subsystems at path C:/Users/Diego/Documents/GitHub/BearWalking/Assets
GfxDevice: creating device client; threaded=0
Direct3D:
    Version:  Direct3D 11.0 [level 11.1]
    Renderer: NVIDIA GeForce RTX 2070 SUPER (ID=0x1e84)
    Vendor:   
    VRAM:     8011 MB
    Driver:   27.21.14.5671
Initialize mono
Mono path[0] = 'C:/Program Files/Unity/Hub/Editor/2020.3.8f1/Editor/Data/Managed'
Mono path[1] = 'C:/Program Files/Unity/Hub/Editor/2020.3.8f1/Editor/Data/MonoBleedingEdge/lib/mono/unityjit'
Mono config path = 'C:/Program Files/Unity/Hub/Editor/2020.3.8f1/Editor/Data/MonoBleedingEdge/etc'
Using monoOptions --debugger-agent=transport=dt_socket,embedding=1,server=y,suspend=n,address=127.0.0.1:56532
Begin MonoManager ReloadAssembly
Registering precompiled unity dll's ...
Register platform support module: C:/Program Files/Unity/Hub/Editor/2020.3.8f1/Editor/Data/PlaybackEngines/WindowsStandaloneSupport/UnityEditor.WindowsStandalone.Extensions.dll
Registered in 0.001440 seconds.
Native extension for WindowsStandalone target not found
Refreshing native plugins compatible for Editor in 20.66 ms, found 0 plugins.
Preloading 0 native plugins for Editor in 0.00 ms.
Mono: successfully reloaded assembly
- Completed reload, in  0.849 seconds
Platform modules already initialized, skipping
Registering precompiled user dll's ...
Registered in 0.000419 seconds.
Begin MonoManager ReloadAssembly
Native extension for WindowsStandalone target not found
Refreshing native plugins compatible for Editor in 0.20 ms, found 0 plugins.
Preloading 0 native plugins for Editor in 0.00 ms.
Mono: successfully reloaded assembly
- Completed reload, in  0.657 seconds
Platform modules already initialized, skipping
========================================================================
Worker process is ready to serve import requests
Launched and connected shader compiler UnityShaderCompiler.exe after 0.03 seconds
Refreshing native plugins compatible for Editor in 0.20 ms, found 0 plugins.
Preloading 0 native plugins for Editor in 0.00 ms.
Unloading 1123 Unused Serialized files (Serialized files now loaded: 0)
System memory in use before: 57.6 MB.
System memory in use after: 57.6 MB.

Unloading 10 unused Assets to reduce memory usage. Loaded Objects now: 1565.
Total: 1.473000 ms (FindLiveObjects: 0.133600 ms CreateObjectMapping: 0.026800 ms MarkObjects: 1.247100 ms  DeleteObjects: 0.064500 ms)

========================================================================
Received Import Request.
  path: Assets/Scripts/movemet.cs
  artifactKey: Guid(0aad5531efe98c244960e045f827c7b3) Importer(815301076,1909f56bfc062723c751e8b465ee728b)
Start importing Assets/Scripts/movemet.cs using Guid(0aad5531efe98c244960e045f827c7b3) Importer(815301076,1909f56bfc062723c751e8b465ee728b)  -> (artifact id: 'a8ee12d00e3d226d86848c8cb6d62a1c') in 0.024563 seconds
  Import took 0.028301 seconds .

========================================================================
Received Import Request.
  Time since last request: 0.194667 seconds.
  path: Assets/Scripts/bodyRays.cs
  artifactKey: Guid(c0f8ace78a5e7e944afabf8ad611c498) Importer(815301076,1909f56bfc062723c751e8b465ee728b)
Start importing Assets/Scripts/bodyRays.cs using Guid(c0f8ace78a5e7e944afabf8ad611c498) Importer(815301076,1909f56bfc062723c751e8b465ee728b)  -> (artifact id: '4f2ca128681f4f307cb169737e512a75') in 0.005510 seconds
  Import took 0.009349 seconds .

========================================================================
Received Import Request.
  Time since last request: 86.550706 seconds.
  path: Assets/Scripts/bodyMovement.cs
  artifactKey: Guid(c0f8ace78a5e7e944afabf8ad611c498) Importer(815301076,1909f56bfc062723c751e8b465ee728b)
Start importing Assets/Scripts/bodyMovement.cs using Guid(c0f8ace78a5e7e944afabf8ad611c498) Importer(815301076,1909f56bfc062723c751e8b465ee728b)  -> (artifact id: '6250cc6d37205da540d9017d6b570d2c') in 0.006785 seconds
  Import took 0.009780 seconds .

========================================================================
Received Import Request.
  Time since last request: 0.003109 seconds.
  path: Assets/Scripts/bodyMovement.cs
  artifactKey: Guid(c0f8ace78a5e7e944afabf8ad611c498) Importer(815301076,1909f56bfc062723c751e8b465ee728b)
Start importing Assets/Scripts/bodyMovement.cs using Guid(c0f8ace78a5e7e944afabf8ad611c498) Importer(815301076,1909f56bfc062723c751e8b465ee728b)  -> (artifact id: '6250cc6d37205da540d9017d6b570d2c') in 0.002182 seconds
  Import took 0.004087 seconds .

========================================================================
Received Prepare
Registering precompiled user dll's ...
Registered in 0.000460 seconds.
Begin MonoManager ReloadAssembly
Native extension for WindowsStandalone target not found
Refreshing native plugins compatible for Editor in 0.20 ms, found 0 plugins.
Preloading 0 native plugins for Editor in 0.00 ms.
Mono: successfully reloaded assembly
- Completed reload, in  0.621 seconds
Platform modules already initialized, skipping
Refreshing native plugins compatible for Editor in 0.20 ms, found 0 plugins.
Preloading 0 native plugins for Editor in 0.00 ms.
Unloading 1118 Unused Serialized files (Serialized files now loaded: 0)
System memory in use before: 57.5 MB.
System memory in use after: 57.6 MB.

Unloading 5 unused Assets to reduce memory usage. Loaded Objects now: 1568.
Total: 1.392700 ms (FindLiveObjects: 0.140000 ms CreateObjectMapping: 0.027400 ms MarkObjects: 1.182600 ms  DeleteObjects: 0.041800 ms)

========================================================================
Received Prepare
Registering precompiled user dll's ...
Registered in 0.000473 seconds.
Begin MonoManager ReloadAssembly
Native extension for WindowsStandalone target not found
Refreshing native plugins compatible for Editor in 0.22 ms, found 0 plugins.
Preloading 0 native plugins for Editor in 0.00 ms.
Mono: successfully reloaded assembly
- Completed reload, in  0.628 seconds
Platform modules already initialized, skipping
Refreshing native plugins compatible for Editor in 0.22 ms, found 0 plugins.
Preloading 0 native plugins for Editor in 0.00 ms.
Unloading 1118 Unused Serialized files (Serialized files now loaded: 0)
System memory in use before: 57.5 MB.
System memory in use after: 57.6 MB.

Unloading 5 unused Assets to reduce memory usage. Loaded Objects now: 1571.
Total: 1.613000 ms (FindLiveObjects: 0.135000 ms CreateObjectMapping: 0.025100 ms MarkObjects: 1.411100 ms  DeleteObjects: 0.040400 ms)

========================================================================
Received Prepare
Registering precompiled user dll's ...
Registered in 0.000530 seconds.
Begin MonoManager ReloadAssembly
Native extension for WindowsStandalone target not found
Refreshing native plugins compatible for Editor in 0.20 ms, found 0 plugins.
Preloading 0 native plugins for Editor in 0.00 ms.
Mono: successfully reloaded assembly
- Completed reload, in  0.627 seconds
Platform modules already initialized, skipping
Refreshing native plugins compatible for Editor in 0.22 ms, found 0 plugins.
Preloading 0 native plugins for Editor in 0.00 ms.
Unloading 1118 Unused Serialized files (Serialized files now loaded: 0)
System memory in use before: 57.5 MB.
System memory in use after: 57.6 MB.

Unloading 5 unused Assets to reduce memory usage. Loaded Objects now: 1574.
Total: 1.468500 ms (FindLiveObjects: 0.153600 ms CreateObjectMapping: 0.028200 ms MarkObjects: 1.238600 ms  DeleteObjects: 0.047100 ms)

========================================================================
Received Import Request.
  Time since last request: 69.040243 seconds.
  path: Assets/Scripts/fitCollider.cs
  artifactKey: Guid(6e4956dad9a633c4e9b5c9c908344d5a) Importer(815301076,1909f56bfc062723c751e8b465ee728b)
Start importing Assets/Scripts/fitCollider.cs using Guid(6e4956dad9a633c4e9b5c9c908344d5a) Importer(815301076,1909f56bfc062723c751e8b465ee728b)  -> (artifact id: '9399b933078a8ba5f929d0ea00d06774') in 0.007596 seconds
  Import took 0.010473 seconds .

========================================================================
Received Import Request.
  Time since last request: 0.017073 seconds.
  path: Assets/Scripts/fitCollider.cs
  artifactKey: Guid(6e4956dad9a633c4e9b5c9c908344d5a) Importer(815301076,1909f56bfc062723c751e8b465ee728b)
Start importing Assets/Scripts/fitCollider.cs using Guid(6e4956dad9a633c4e9b5c9c908344d5a) Importer(815301076,1909f56bfc062723c751e8b465ee728b)  -> (artifact id: '9399b933078a8ba5f929d0ea00d06774') in 0.002286 seconds
  Import took 0.003815 seconds .

========================================================================
Received Import Request.
  Time since last request: 40.118989 seconds.
  path: Assets/Scripts/rayScript.cs
  artifactKey: Guid(6e4956dad9a633c4e9b5c9c908344d5a) Importer(815301076,1909f56bfc062723c751e8b465ee728b)
Start importing Assets/Scripts/rayScript.cs using Guid(6e4956dad9a633c4e9b5c9c908344d5a) Importer(815301076,1909f56bfc062723c751e8b465ee728b)  -> (artifact id: 'b2a0e08fd94a2e2d7249b43ce198b064') in 0.005812 seconds
  Import took 0.009824 seconds .

========================================================================
Received Prepare
Registering precompiled user dll's ...
Registered in 0.000453 seconds.
Begin MonoManager ReloadAssembly
Native extension for WindowsStandalone target not found
Refreshing native plugins compatible for Editor in 0.20 ms, found 0 plugins.
Preloading 0 native plugins for Editor in 0.00 ms.
Mono: successfully reloaded assembly
- Completed reload, in  0.634 seconds
Platform modules already initialized, skipping
Refreshing native plugins compatible for Editor in 0.19 ms, found 0 plugins.
Preloading 0 native plugins for Editor in 0.00 ms.
Unloading 1118 Unused Serialized files (Serialized files now loaded: 0)
System memory in use before: 57.5 MB.
System memory in use after: 57.6 MB.

Unloading 5 unused Assets to reduce memory usage. Loaded Objects now: 1577.
Total: 1.365100 ms (FindLiveObjects: 0.135500 ms CreateObjectMapping: 0.025700 ms MarkObjects: 1.165200 ms  DeleteObjects: 0.037900 ms)

========================================================================
Received Import Request.
  Time since last request: 12.829578 seconds.
  path: Assets/Scripts/rayScript.cs
  artifactKey: Guid(6e4956dad9a633c4e9b5c9c908344d5a) Importer(815301076,1909f56bfc062723c751e8b465ee728b)
Start importing Assets/Scripts/rayScript.cs using Guid(6e4956dad9a633c4e9b5c9c908344d5a) Importer(815301076,1909f56bfc062723c751e8b465ee728b)  -> (artifact id: '827d493b75078ea233c0a4d6124e4177') in 0.003768 seconds
  Import took 0.006631 seconds .

========================================================================
Received Prepare
Registering precompiled user dll's ...
Registered in 0.000589 seconds.
Begin MonoManager ReloadAssembly
Native extension for WindowsStandalone target not found
Refreshing native plugins compatible for Editor in 0.20 ms, found 0 plugins.
Preloading 0 native plugins for Editor in 0.00 ms.
Mono: successfully reloaded assembly
- Completed reload, in  0.621 seconds
Platform modules already initialized, skipping
Refreshing native plugins compatible for Editor in 0.21 ms, found 0 plugins.
Preloading 0 native plugins for Editor in 0.00 ms.
Unloading 1118 Unused Serialized files (Serialized files now loaded: 0)
System memory in use before: 57.5 MB.
System memory in use after: 57.6 MB.

Unloading 5 unused Assets to reduce memory usage. Loaded Objects now: 1580.
Total: 1.495000 ms (FindLiveObjects: 0.136400 ms CreateObjectMapping: 0.026900 ms MarkObjects: 1.289100 ms  DeleteObjects: 0.041800 ms)

========================================================================
Received Prepare
Registering precompiled user dll's ...
Registered in 0.000418 seconds.
Begin MonoManager ReloadAssembly
Native extension for WindowsStandalone target not found
Refreshing native plugins compatible for Editor in 0.21 ms, found 0 plugins.
Preloading 0 native plugins for Editor in 0.00 ms.
Mono: successfully reloaded assembly
- Completed reload, in  0.693 seconds
Platform modules already initialized, skipping
Refreshing native plugins compatible for Editor in 0.21 ms, found 0 plugins.
Preloading 0 native plugins for Editor in 0.00 ms.
Unloading 1118 Unused Serialized files (Serialized files now loaded: 0)
System memory in use before: 57.6 MB.
System memory in use after: 57.6 MB.

Unloading 5 unused Assets to reduce memory usage. Loaded Objects now: 1583.
Total: 1.382800 ms (FindLiveObjects: 0.134800 ms CreateObjectMapping: 0.025700 ms MarkObjects: 1.178000 ms  DeleteObjects: 0.043500 ms)

========================================================================
Received Import Request.
  Time since last request: 58.682601 seconds.
  path: Assets/Scripts/Follow5432es.cs
  artifactKey: Guid(9a44f4c5c27df9b4d8851bee0e1c542e) Importer(815301076,1909f56bfc062723c751e8b465ee728b)
Start importing Assets/Scripts/Follow5432es.cs using Guid(9a44f4c5c27df9b4d8851bee0e1c542e) Importer(815301076,1909f56bfc062723c751e8b465ee728b)  -> (artifact id: '74fa618af16b5e3592e65b24eb74b766') in 0.007783 seconds
  Import took 0.011118 seconds .

========================================================================
Received Prepare
Registering precompiled user dll's ...
Registered in 0.000490 seconds.
Begin MonoManager ReloadAssembly
Native extension for WindowsStandalone target not found
Refreshing native plugins compatible for Editor in 0.21 ms, found 0 plugins.
Preloading 0 native plugins for Editor in 0.00 ms.
Mono: successfully reloaded assembly
- Completed reload, in  0.623 seconds
Platform modules already initialized, skipping
Refreshing native plugins compatible for Editor in 0.21 ms, found 0 plugins.
Preloading 0 native plugins for Editor in 0.00 ms.
Unloading 1118 Unused Serialized files (Serialized files now loaded: 0)
System memory in use before: 57.6 MB.
System memory in use after: 57.6 MB.

Unloading 5 unused Assets to reduce memory usage. Loaded Objects now: 1586.
Total: 1.521300 ms (FindLiveObjects: 0.135800 ms CreateObjectMapping: 0.026900 ms MarkObjects: 1.309300 ms  DeleteObjects: 0.048000 ms)

========================================================================
Received Prepare
Registering precompiled user dll's ...
Registered in 0.000426 seconds.
Begin MonoManager ReloadAssembly
Native extension for WindowsStandalone target not found
Refreshing native plugins compatible for Editor in 0.21 ms, found 0 plugins.
Preloading 0 native plugins for Editor in 0.00 ms.
Mono: successfully reloaded assembly
- Completed reload, in  0.686 seconds
Platform modules already initialized, skipping
Refreshing native plugins compatible for Editor in 0.20 ms, found 0 plugins.
Preloading 0 native plugins for Editor in 0.00 ms.
Unloading 1117 Unused Serialized files (Serialized files now loaded: 0)
System memory in use before: 57.5 MB.
System memory in use after: 57.6 MB.

Unloading 6 unused Assets to reduce memory usage. Loaded Objects now: 1588.
Total: 1.412000 ms (FindLiveObjects: 0.137100 ms CreateObjectMapping: 0.026800 ms MarkObjects: 1.199800 ms  DeleteObjects: 0.047200 ms)

========================================================================
Received Prepare
Registering precompiled user dll's ...
Registered in 0.000498 seconds.
Begin MonoManager ReloadAssembly
Native extension for WindowsStandalone target not found
Refreshing native plugins compatible for Editor in 0.20 ms, found 0 plugins.
Preloading 0 native plugins for Editor in 0.00 ms.
Mono: successfully reloaded assembly
- Completed reload, in  0.630 seconds
Platform modules already initialized, skipping
Refreshing native plugins compatible for Editor in 0.20 ms, found 0 plugins.
Preloading 0 native plugins for Editor in 0.00 ms.
Unloading 1117 Unused Serialized files (Serialized files now loaded: 0)
System memory in use before: 57.5 MB.
System memory in use after: 57.6 MB.

Unloading 5 unused Assets to reduce memory usage. Loaded Objects now: 1591.
Total: 1.364500 ms (FindLiveObjects: 0.106700 ms CreateObjectMapping: 0.025100 ms MarkObjects: 1.188300 ms  DeleteObjects: 0.043600 ms)

========================================================================
Received Prepare
Registering precompiled user dll's ...
Registered in 0.000600 seconds.
Begin MonoManager ReloadAssembly
Native extension for WindowsStandalone target not found
Refreshing native plugins compatible for Editor in 0.20 ms, found 0 plugins.
Preloading 0 native plugins for Editor in 0.00 ms.
Mono: successfully reloaded assembly
- Completed reload, in  0.618 seconds
Platform modules already initialized, skipping
Refreshing native plugins compatible for Editor in 0.21 ms, found 0 plugins.
Preloading 0 native plugins for Editor in 0.00 ms.
Unloading 1117 Unused Serialized files (Serialized files now loaded: 0)
System memory in use before: 57.6 MB.
System memory in use after: 57.6 MB.

Unloading 5 unused Assets to reduce memory usage. Loaded Objects now: 1594.
Total: 1.465900 ms (FindLiveObjects: 0.130700 ms CreateObjectMapping: 0.024500 ms MarkObjects: 1.268300 ms  DeleteObjects: 0.041600 ms)

========================================================================
Received Import Request.
  Time since last request: 29.965606 seconds.
  path: Assets/Scripts/lazyCopy.cs
  artifactKey: Guid(9e9ab6a1dbcff7b488bc6a593c63bdf9) Importer(815301076,1909f56bfc062723c751e8b465ee728b)
Start importing Assets/Scripts/lazyCopy.cs using Guid(9e9ab6a1dbcff7b488bc6a593c63bdf9) Importer(815301076,1909f56bfc062723c751e8b465ee728b)  -> (artifact id: 'e00942b9334f8a92673f543f464e2cdc') in 0.009165 seconds
  Import took 0.011330 seconds .

========================================================================
Received Prepare
Registering precompiled user dll's ...
Registered in 0.000480 seconds.
Begin MonoManager ReloadAssembly
Native extension for WindowsStandalone target not found
Refreshing native plugins compatible for Editor in 0.21 ms, found 0 plugins.
Preloading 0 native plugins for Editor in 0.00 ms.
Mono: successfully reloaded assembly
- Completed reload, in  0.617 seconds
Platform modules already initialized, skipping
Refreshing native plugins compatible for Editor in 0.20 ms, found 0 plugins.
Preloading 0 native plugins for Editor in 0.00 ms.
Unloading 1116 Unused Serialized files (Serialized files now loaded: 0)
System memory in use before: 57.5 MB.
System memory in use after: 57.6 MB.

Unloading 6 unused Assets to reduce memory usage. Loaded Objects now: 1596.
Total: 1.496400 ms (FindLiveObjects: 0.137200 ms CreateObjectMapping: 0.025800 ms MarkObjects: 1.290100 ms  DeleteObjects: 0.042200 ms)

========================================================================
Received Import Request.
  Time since last request: 8.077281 seconds.
  path: Assets/Scripts/movemet.cs
  artifactKey: Guid(0aad5531efe98c244960e045f827c7b3) Importer(815301076,1909f56bfc062723c751e8b465ee728b)
Start importing Assets/Scripts/movemet.cs using Guid(0aad5531efe98c244960e045f827c7b3) Importer(815301076,1909f56bfc062723c751e8b465ee728b)  -> (artifact id: '7e9df1cbffb55c13c1736d0d10abe459') in 0.005600 seconds
  Import took 0.008408 seconds .

========================================================================
Received Import Request.
  Time since last request: 0.021705 seconds.
  path: Assets/Scripts/movemet.cs
  artifactKey: Guid(0aad5531efe98c244960e045f827c7b3) Importer(815301076,1909f56bfc062723c751e8b465ee728b)
Start importing Assets/Scripts/movemet.cs using Guid(0aad5531efe98c244960e045f827c7b3) Importer(815301076,1909f56bfc062723c751e8b465ee728b)  -> (artifact id: '7e9df1cbffb55c13c1736d0d10abe459') in 0.001978 seconds
  Import took 0.003684 seconds .

========================================================================
Received Import Request.
  Time since last request: 0.865539 seconds.
  path: Assets/Scripts/Player.cs
  artifactKey: Guid(40d4e0f867fcc9f49a88736985764d10) Importer(815301076,1909f56bfc062723c751e8b465ee728b)
Start importing Assets/Scripts/Player.cs using Guid(40d4e0f867fcc9f49a88736985764d10) Importer(815301076,1909f56bfc062723c751e8b465ee728b)  -> (artifact id: '69891666c488a705419636e45a2eeac8') in 0.005501 seconds
  Import took 0.008663 seconds .

AssetImportWorkerClient::OnTransportError - code=2 error=End of file
