Using pre-set license
Built from '2020.3/staging' branch; Version is '2020.3.8f1 (507919d4fff5) revision 5273881'; Using compiler version '192528614'; Build Type 'Release'
OS: 'Windows 10 Home; OS build 19041.985; Version 2004; 64bit' Language: 'sv' Physical Memory: 16319 MB
BatchMode: 1, IsHumanControllingUs: 0, StartBugReporterOnCrash: 0, Is64bit: 1, IsPro: 0

 COMMAND LINE ARGUMENTS:
C:\Program Files\Unity\Hub\Editor\2020.3.8f1\Editor\Unity.exe
-adb2
-batchMode
-noUpm
-name
AssetImportWorker0
-projectPath
C:/Users/Diego/Documents/GitHub/BearWalking
-logFile
Logs/AssetImportWorker0.log
-srvPort
52472
Successfully changed project path to: C:/Users/Diego/Documents/GitHub/BearWalking
C:/Users/Diego/Documents/GitHub/BearWalking
Using Asset Import Pipeline V2.
Refreshing native plugins compatible for Editor in 20.80 ms, found 0 plugins.
Preloading 0 native plugins for Editor in 0.00 ms.
Initialize engine version: 2020.3.8f1 (507919d4fff5)
[Subsystems] Discovering subsystems at path C:/Program Files/Unity/Hub/Editor/2020.3.8f1/Editor/Data/Resources/UnitySubsystems
[Subsystems] Discovering subsystems at path C:/Users/Diego/Documents/GitHub/BearWalking/Assets
GfxDevice: creating device client; threaded=0
Direct3D:
    Version:  Direct3D 11.0 [level 11.1]
    Renderer: NVIDIA GeForce RTX 2070 SUPER (ID=0x1e84)
    Vendor:   
    VRAM:     8011 MB
    Driver:   27.21.14.5671
Initialize mono
Mono path[0] = 'C:/Program Files/Unity/Hub/Editor/2020.3.8f1/Editor/Data/Managed'
Mono path[1] = 'C:/Program Files/Unity/Hub/Editor/2020.3.8f1/Editor/Data/MonoBleedingEdge/lib/mono/unityjit'
Mono config path = 'C:/Program Files/Unity/Hub/Editor/2020.3.8f1/Editor/Data/MonoBleedingEdge/etc'
Using monoOptions --debugger-agent=transport=dt_socket,embedding=1,server=y,suspend=n,address=127.0.0.1:56880
Begin MonoManager ReloadAssembly
Registering precompiled unity dll's ...
Register platform support module: C:/Program Files/Unity/Hub/Editor/2020.3.8f1/Editor/Data/PlaybackEngines/WindowsStandaloneSupport/UnityEditor.WindowsStandalone.Extensions.dll
Registered in 0.002873 seconds.
Native extension for WindowsStandalone target not found
Refreshing native plugins compatible for Editor in 22.88 ms, found 0 plugins.
Preloading 0 native plugins for Editor in 0.00 ms.
Mono: successfully reloaded assembly
- Completed reload, in  0.964 seconds
Platform modules already initialized, skipping
Registering precompiled user dll's ...
Registered in 0.000937 seconds.
Begin MonoManager ReloadAssembly
Native extension for WindowsStandalone target not found
Refreshing native plugins compatible for Editor in 0.21 ms, found 0 plugins.
Preloading 0 native plugins for Editor in 0.00 ms.
Mono: successfully reloaded assembly
- Completed reload, in  0.752 seconds
Platform modules already initialized, skipping
========================================================================
Worker process is ready to serve import requests
Launched and connected shader compiler UnityShaderCompiler.exe after 0.03 seconds
Refreshing native plugins compatible for Editor in 0.23 ms, found 0 plugins.
Preloading 0 native plugins for Editor in 0.00 ms.
Unloading 1121 Unused Serialized files (Serialized files now loaded: 0)
System memory in use before: 57.5 MB.
System memory in use after: 57.6 MB.

Unloading 10 unused Assets to reduce memory usage. Loaded Objects now: 1563.
Total: 1.404700 ms (FindLiveObjects: 0.109900 ms CreateObjectMapping: 0.026300 ms MarkObjects: 1.202200 ms  DeleteObjects: 0.065400 ms)

========================================================================
Received Import Request.
  path: Assets/Scripts/IKManager.cs
  artifactKey: Guid(e98d46bf488b8b9429f69f6c19c499ba) Importer(815301076,1909f56bfc062723c751e8b465ee728b)
Start importing Assets/Scripts/IKManager.cs using Guid(e98d46bf488b8b9429f69f6c19c499ba) Importer(815301076,1909f56bfc062723c751e8b465ee728b)  -> (artifact id: 'c6f8e833f087b340e2392b4e602c6eb8') in 0.020511 seconds
  Import took 0.022164 seconds .

========================================================================
Received Import Request.
  Time since last request: 460.323775 seconds.
  path: Assets/Scripts/IKManager.cs
  artifactKey: Guid(e98d46bf488b8b9429f69f6c19c499ba) Importer(815301076,1909f56bfc062723c751e8b465ee728b)
Start importing Assets/Scripts/IKManager.cs using Guid(e98d46bf488b8b9429f69f6c19c499ba) Importer(815301076,1909f56bfc062723c751e8b465ee728b)  -> (artifact id: '359a4e7e0cbe269115fd1c7e58b29f10') in 0.002117 seconds
  Import took 0.005634 seconds .

========================================================================
Received Import Request.
  Time since last request: 20.765635 seconds.
  path: Assets/Scripts/IKManager.cs
  artifactKey: Guid(e98d46bf488b8b9429f69f6c19c499ba) Importer(815301076,1909f56bfc062723c751e8b465ee728b)
Start importing Assets/Scripts/IKManager.cs using Guid(e98d46bf488b8b9429f69f6c19c499ba) Importer(815301076,1909f56bfc062723c751e8b465ee728b)  -> (artifact id: 'c16228ae6d0a7b1553fae3e16239f390') in 0.001824 seconds
  Import took 0.004826 seconds .

========================================================================
Received Import Request.
  Time since last request: 170.790640 seconds.
  path: Assets/Scripts/IKManager.cs
  artifactKey: Guid(e98d46bf488b8b9429f69f6c19c499ba) Importer(815301076,1909f56bfc062723c751e8b465ee728b)
Start importing Assets/Scripts/IKManager.cs using Guid(e98d46bf488b8b9429f69f6c19c499ba) Importer(815301076,1909f56bfc062723c751e8b465ee728b)  -> (artifact id: '4529f51109f537326b396c50f9e162f3') in 0.002489 seconds
  Import took 0.005691 seconds .

========================================================================
Received Import Request.
  Time since last request: 254.826932 seconds.
  path: Assets/Scripts/IKManager.cs
  artifactKey: Guid(e98d46bf488b8b9429f69f6c19c499ba) Importer(815301076,1909f56bfc062723c751e8b465ee728b)
Start importing Assets/Scripts/IKManager.cs using Guid(e98d46bf488b8b9429f69f6c19c499ba) Importer(815301076,1909f56bfc062723c751e8b465ee728b)  -> (artifact id: 'd37102375a1474e4f026f04a2c4e463c') in 0.002101 seconds
  Import took 0.005726 seconds .

========================================================================
Received Prepare
Registering precompiled user dll's ...
Registered in 0.000515 seconds.
Begin MonoManager ReloadAssembly
Native extension for WindowsStandalone target not found
Refreshing native plugins compatible for Editor in 0.24 ms, found 0 plugins.
Preloading 0 native plugins for Editor in 0.00 ms.
Mono: successfully reloaded assembly
- Completed reload, in  0.648 seconds
Platform modules already initialized, skipping
Refreshing native plugins compatible for Editor in 0.22 ms, found 0 plugins.
Preloading 0 native plugins for Editor in 0.00 ms.
Unloading 1116 Unused Serialized files (Serialized files now loaded: 0)
System memory in use before: 57.4 MB.
System memory in use after: 57.5 MB.

Unloading 5 unused Assets to reduce memory usage. Loaded Objects now: 1566.
Total: 1.318000 ms (FindLiveObjects: 0.107000 ms CreateObjectMapping: 0.024600 ms MarkObjects: 1.141600 ms  DeleteObjects: 0.044100 ms)

========================================================================
Received Prepare
Registering precompiled user dll's ...
Registered in 0.000861 seconds.
Begin MonoManager ReloadAssembly
Native extension for WindowsStandalone target not found
Refreshing native plugins compatible for Editor in 0.28 ms, found 0 plugins.
Preloading 0 native plugins for Editor in 0.00 ms.
Mono: successfully reloaded assembly
- Completed reload, in  0.697 seconds
Platform modules already initialized, skipping
Refreshing native plugins compatible for Editor in 0.22 ms, found 0 plugins.
Preloading 0 native plugins for Editor in 0.00 ms.
Unloading 1116 Unused Serialized files (Serialized files now loaded: 0)
System memory in use before: 57.5 MB.
System memory in use after: 57.5 MB.

Unloading 5 unused Assets to reduce memory usage. Loaded Objects now: 1569.
Total: 1.366900 ms (FindLiveObjects: 0.108900 ms CreateObjectMapping: 0.024900 ms MarkObjects: 1.188100 ms  DeleteObjects: 0.044100 ms)

AssetImportWorkerClient::OnTransportError - code=2 error=End of file
